05:05:16 **** Incremental Build of configuration Debug for project LCD_Keypad_Challange_2 ****
make all 
Building file: ../challange.c
Invoking: AVR Compiler
avr-gcc -Wall -g2 -gstabs -O0 -fpack-struct -fshort-enums -ffunction-sections -fdata-sections -std=gnu99 -funsigned-char -funsigned-bitfields -mmcu=atmega32 -DF_CPU=16000000UL -MMD -MP -MF"challange.d" -MT"challange.o" -c -o "challange.o" "../challange.c"
In file included from ../challange.c:12:
c:/winavr-20100110/lib/gcc/../../avr/include/util/delay.h:90:3: warning: #warning "Compiler optimizations disabled; functions from <util/delay.h> won't work as designed"
Finished building: ../challange.c
 
Building target: LCD_Keypad_Challange_2.elf
Invoking: AVR C Linker
avr-gcc -Wl,-Map,LCD_Keypad_Challange_2.map -mmcu=atmega32 -o "LCD_Keypad_Challange_2.elf"  ./challange.o ./gpio.o ./keypad.o ./lcd.o   
Finished building target: LCD_Keypad_Challange_2.elf
 
Invoking: AVR Create Extended Listing
avr-objdump -h -S LCD_Keypad_Challange_2.elf  >"LCD_Keypad_Challange_2.lss"
Finished building: LCD_Keypad_Challange_2.lss
 
Create Flash image (ihex format)
avr-objcopy -R .eeprom -R .fuse -R .lock -R .signature -O ihex LCD_Keypad_Challange_2.elf  "LCD_Keypad_Challange_2.hex"
Finished building: LCD_Keypad_Challange_2.hex
 
Invoking: Print Size
avr-size --format=avr --mcu=atmega32 LCD_Keypad_Challange_2.elf
AVR Memory Usage
----------------
Device: atmega32

Program:   11484 bytes (35.0% Full)
(.text + .data + .bootloader)

Data:         22 bytes (1.1% Full)
(.data + .bss + .noinit)


Finished building: sizedummy
 

05:05:17 Build Finished. 0 errors, 1 warnings. (took 626ms)

